

Started GET "/" for 127.0.0.1 at 2011-08-16 10:45:03 +0200

ActionController::RoutingError (No route matches [GET] "/"):
  

Rendered /home/katharsis/.rvm/gems/ruby-1.9.2-p290/gems/actionpack-3.1.0.rc5/lib/action_dispatch/middleware/templates/rescues/routing_error.erb within rescues/layout (40.8ms)


Started GET "/" for 127.0.0.1 at 2011-08-16 10:45:58 +0200

ActionController::RoutingError (No route matches [GET] "/"):
  

Rendered /home/katharsis/.rvm/gems/ruby-1.9.2-p290/gems/actionpack-3.1.0.rc5/lib/action_dispatch/middleware/templates/rescues/routing_error.erb within rescues/layout (0.9ms)


Started GET "/" for 127.0.0.1 at 2011-08-16 10:46:38 +0200

ActionController::RoutingError (uninitialized constant HomeController):
  

Rendered /home/katharsis/.rvm/gems/ruby-1.9.2-p290/gems/actionpack-3.1.0.rc5/lib/action_dispatch/middleware/templates/rescues/routing_error.erb within rescues/layout (0.9ms)


Started GET "/" for 127.0.0.1 at 2011-08-16 10:46:39 +0200

ActionController::RoutingError (uninitialized constant HomeController):
  

Rendered /home/katharsis/.rvm/gems/ruby-1.9.2-p290/gems/actionpack-3.1.0.rc5/lib/action_dispatch/middleware/templates/rescues/routing_error.erb within rescues/layout (1.2ms)


Started GET "/" for 127.0.0.1 at 2011-08-16 10:47:20 +0200
  Processing by HomeController#index as HTML
Rendered home/index.html.erb within layouts/application (92.1ms)
Completed 500 Internal Server Error in 101ms

ActionView::Template::Error (uninitialized constant ActionView::CompiledTemplates::AppConfig):
    1: <h1>Hello, Rails!</h1>
    2: <h2><%= AppConfig.appname %></h2>
  app/views/home/index.html.erb:2:in `_app_views_home_index_html_erb___3175879503075808640_29293460'

Rendered /home/katharsis/.rvm/gems/ruby-1.9.2-p290/gems/actionpack-3.1.0.rc5/lib/action_dispatch/middleware/templates/rescues/_trace.erb (1.7ms)
Rendered /home/katharsis/.rvm/gems/ruby-1.9.2-p290/gems/actionpack-3.1.0.rc5/lib/action_dispatch/middleware/templates/rescues/_request_and_response.erb (1.5ms)
Rendered /home/katharsis/.rvm/gems/ruby-1.9.2-p290/gems/actionpack-3.1.0.rc5/lib/action_dispatch/middleware/templates/rescues/template_error.erb within rescues/layout (7.4ms)
  [1m[36m (0.1ms)[0m  [1mselect sqlite_version(*)[0m
  [1m[35m (113.9ms)[0m  CREATE TABLE "schema_migrations" ("version" varchar(255) NOT NULL) 
  [1m[36m (0.1ms)[0m  [1mPRAGMA index_list("schema_migrations")[0m
  [1m[35m (75.8ms)[0m  CREATE UNIQUE INDEX "unique_schema_migrations" ON "schema_migrations" ("version")
  [1m[36m (0.2ms)[0m  [1mSELECT "schema_migrations"."version" FROM "schema_migrations" [0m
  [1m[36m (0.2ms)[0m  [1mSELECT "schema_migrations"."version" FROM "schema_migrations" [0m


Started GET "/" for 127.0.0.1 at 2011-08-16 11:02:13 +0200
  Processing by HomeController#index as HTML
Rendered home/index.html.erb within layouts/application (49.5ms)
Completed 200 OK in 107ms (Views: 106.4ms | ActiveRecord: 0.0ms)


Started GET "/assets/application.css" for 127.0.0.1 at 2011-08-16 11:02:13 +0200
Compiled ~/Workspace/Ruby/amberbit-config/spec/dummy/app/assets/stylesheets/application.css  (0ms)  (pid 3654)
Compiled ~/Workspace/Ruby/amberbit-config/spec/dummy/app/assets/stylesheets/application.css  (0ms)  (pid 3654)
Served asset /application.css - 200 OK (10ms)


Started GET "/assets/application.js" for 127.0.0.1 at 2011-08-16 11:02:13 +0200
Error compiling asset application.js:
Sprockets::FileNotFound: couldn't find file 'jquery'
  (in /home/katharsis/Workspace/Ruby/amberbit-config/spec/dummy/app/assets/javascripts/application.js:7)
Served asset /application.js - 500 Internal Server Error



Started GET "/" for 127.0.0.1 at 2011-08-16 11:02:46 +0200
  Processing by HomeController#index as HTML
Rendered home/index.html.erb within layouts/application (0.1ms)
Completed 200 OK in 14ms (Views: 13.0ms | ActiveRecord: 0.0ms)


Started GET "/assets/application.js" for 127.0.0.1 at 2011-08-16 11:02:46 +0200
Error compiling asset application.js:
Sprockets::FileNotFound: couldn't find file 'jquery'
  (in /home/katharsis/Workspace/Ruby/amberbit-config/spec/dummy/app/assets/javascripts/application.js:7)
Served asset /application.js - 500 Internal Server Error



Started GET "/assets/application.css" for 127.0.0.1 at 2011-08-16 11:02:46 +0200
Served asset /application.css - 304 Not Modified (0ms)


Started GET "/" for 127.0.0.1 at 2011-08-16 11:02:47 +0200
  Processing by HomeController#index as HTML
Rendered home/index.html.erb within layouts/application (0.1ms)
Completed 200 OK in 9ms (Views: 8.6ms | ActiveRecord: 0.0ms)


Started GET "/assets/application.js" for 127.0.0.1 at 2011-08-16 11:02:47 +0200
Error compiling asset application.js:
Sprockets::FileNotFound: couldn't find file 'jquery'
  (in /home/katharsis/Workspace/Ruby/amberbit-config/spec/dummy/app/assets/javascripts/application.js:7)
Served asset /application.js - 500 Internal Server Error



Started GET "/assets/application.css" for 127.0.0.1 at 2011-08-16 11:02:47 +0200
Served asset /application.css - 304 Not Modified (0ms)


Started GET "/" for 127.0.0.1 at 2011-08-16 11:02:47 +0200
  Processing by HomeController#index as HTML
Rendered home/index.html.erb within layouts/application (0.1ms)
Completed 200 OK in 9ms (Views: 8.3ms | ActiveRecord: 0.0ms)


Started GET "/assets/application.css" for 127.0.0.1 at 2011-08-16 11:02:47 +0200
Served asset /application.css - 304 Not Modified (0ms)


Started GET "/assets/application.js" for 127.0.0.1 at 2011-08-16 11:02:47 +0200
Error compiling asset application.js:
Sprockets::FileNotFound: couldn't find file 'jquery'
  (in /home/katharsis/Workspace/Ruby/amberbit-config/spec/dummy/app/assets/javascripts/application.js:7)
Served asset /application.js - 500 Internal Server Error



Started GET "/" for 127.0.0.1 at 2011-08-16 11:02:48 +0200
  Processing by HomeController#index as HTML
Rendered home/index.html.erb within layouts/application (0.1ms)
Completed 200 OK in 9ms (Views: 8.4ms | ActiveRecord: 0.0ms)


Started GET "/assets/application.js" for 127.0.0.1 at 2011-08-16 11:02:48 +0200
Error compiling asset application.js:
Sprockets::FileNotFound: couldn't find file 'jquery'
  (in /home/katharsis/Workspace/Ruby/amberbit-config/spec/dummy/app/assets/javascripts/application.js:7)
Served asset /application.js - 500 Internal Server Error



Started GET "/assets/application.css" for 127.0.0.1 at 2011-08-16 11:02:48 +0200
Served asset /application.css - 304 Not Modified (0ms)


Started GET "/" for 127.0.0.1 at 2011-08-16 11:02:48 +0200
  Processing by HomeController#index as HTML
Rendered home/index.html.erb within layouts/application (0.1ms)
Completed 200 OK in 9ms (Views: 8.4ms | ActiveRecord: 0.0ms)


Started GET "/assets/application.css" for 127.0.0.1 at 2011-08-16 11:02:48 +0200
Served asset /application.css - 304 Not Modified (0ms)


Started GET "/assets/application.js" for 127.0.0.1 at 2011-08-16 11:02:48 +0200
Error compiling asset application.js:
Sprockets::FileNotFound: couldn't find file 'jquery'
  (in /home/katharsis/Workspace/Ruby/amberbit-config/spec/dummy/app/assets/javascripts/application.js:7)
Served asset /application.js - 500 Internal Server Error



Started GET "/" for 127.0.0.1 at 2011-08-16 11:02:48 +0200
  Processing by HomeController#index as HTML
Rendered home/index.html.erb within layouts/application (0.1ms)
Completed 200 OK in 10ms (Views: 9.0ms | ActiveRecord: 0.0ms)


Started GET "/assets/application.js" for 127.0.0.1 at 2011-08-16 11:02:48 +0200
Error compiling asset application.js:
Sprockets::FileNotFound: couldn't find file 'jquery'
  (in /home/katharsis/Workspace/Ruby/amberbit-config/spec/dummy/app/assets/javascripts/application.js:7)
Served asset /application.js - 500 Internal Server Error



Started GET "/assets/application.css" for 127.0.0.1 at 2011-08-16 11:02:48 +0200
Served asset /application.css - 304 Not Modified (1ms)


Started GET "/" for 127.0.0.1 at 2011-08-16 11:02:48 +0200
  Processing by HomeController#index as HTML
Rendered home/index.html.erb within layouts/application (0.1ms)
Completed 200 OK in 9ms (Views: 8.6ms | ActiveRecord: 0.0ms)


Started GET "/assets/application.js" for 127.0.0.1 at 2011-08-16 11:02:48 +0200
Error compiling asset application.js:
Sprockets::FileNotFound: couldn't find file 'jquery'
  (in /home/katharsis/Workspace/Ruby/amberbit-config/spec/dummy/app/assets/javascripts/application.js:7)
Served asset /application.js - 500 Internal Server Error



Started GET "/assets/application.css" for 127.0.0.1 at 2011-08-16 11:02:48 +0200
Served asset /application.css - 304 Not Modified (0ms)


Started GET "/" for 127.0.0.1 at 2011-08-16 11:02:48 +0200
  Processing by HomeController#index as HTML
Rendered home/index.html.erb within layouts/application (0.1ms)
Completed 200 OK in 11ms (Views: 9.9ms | ActiveRecord: 0.0ms)


Started GET "/assets/application.js" for 127.0.0.1 at 2011-08-16 11:02:48 +0200
Error compiling asset application.js:
Sprockets::FileNotFound: couldn't find file 'jquery'
  (in /home/katharsis/Workspace/Ruby/amberbit-config/spec/dummy/app/assets/javascripts/application.js:7)
Served asset /application.js - 500 Internal Server Error



Started GET "/assets/application.css" for 127.0.0.1 at 2011-08-16 11:02:48 +0200
Served asset /application.css - 304 Not Modified (0ms)


Started GET "/" for 127.0.0.1 at 2011-08-16 11:02:49 +0200
  Processing by HomeController#index as HTML
Rendered home/index.html.erb within layouts/application (0.1ms)
Completed 200 OK in 10ms (Views: 9.2ms | ActiveRecord: 0.0ms)


Started GET "/assets/application.js" for 127.0.0.1 at 2011-08-16 11:02:49 +0200
Error compiling asset application.js:
Sprockets::FileNotFound: couldn't find file 'jquery'
  (in /home/katharsis/Workspace/Ruby/amberbit-config/spec/dummy/app/assets/javascripts/application.js:7)
Served asset /application.js - 500 Internal Server Error



Started GET "/assets/application.css" for 127.0.0.1 at 2011-08-16 11:02:49 +0200
Served asset /application.css - 200 OK (0ms)


Started GET "/" for 127.0.0.1 at 2011-08-16 11:02:49 +0200
  Processing by HomeController#index as HTML
Rendered home/index.html.erb within layouts/application (0.1ms)
Completed 200 OK in 9ms (Views: 8.3ms | ActiveRecord: 0.0ms)


Started GET "/assets/application.css" for 127.0.0.1 at 2011-08-16 11:02:49 +0200
Served asset /application.css - 200 OK (0ms)


Started GET "/assets/application.js" for 127.0.0.1 at 2011-08-16 11:02:49 +0200
Error compiling asset application.js:
Sprockets::FileNotFound: couldn't find file 'jquery'
  (in /home/katharsis/Workspace/Ruby/amberbit-config/spec/dummy/app/assets/javascripts/application.js:7)
Served asset /application.js - 500 Internal Server Error



Started GET "/" for 127.0.0.1 at 2011-08-16 11:02:49 +0200
  Processing by HomeController#index as HTML
Rendered home/index.html.erb within layouts/application (0.1ms)
Completed 200 OK in 10ms (Views: 9.2ms | ActiveRecord: 0.0ms)


Started GET "/assets/application.css" for 127.0.0.1 at 2011-08-16 11:02:50 +0200
Served asset /application.css - 200 OK (0ms)


Started GET "/assets/application.js" for 127.0.0.1 at 2011-08-16 11:02:50 +0200
Error compiling asset application.js:
Sprockets::FileNotFound: couldn't find file 'jquery'
  (in /home/katharsis/Workspace/Ruby/amberbit-config/spec/dummy/app/assets/javascripts/application.js:7)
Served asset /application.js - 500 Internal Server Error



Started GET "/" for 127.0.0.1 at 2011-08-16 11:02:55 +0200
  Processing by HomeController#index as HTML
Rendered home/index.html.erb within layouts/application (0.1ms)
Completed 200 OK in 9ms (Views: 8.4ms | ActiveRecord: 0.0ms)


Started GET "/assets/application.js" for 127.0.0.1 at 2011-08-16 11:02:55 +0200
Error compiling asset application.js:
Sprockets::FileNotFound: couldn't find file 'jquery'
  (in /home/katharsis/Workspace/Ruby/amberbit-config/spec/dummy/app/assets/javascripts/application.js:7)
Served asset /application.js - 500 Internal Server Error



Started GET "/assets/application.css" for 127.0.0.1 at 2011-08-16 11:02:55 +0200
Served asset /application.css - 200 OK (0ms)


Started GET "/" for 127.0.0.1 at 2011-08-16 11:04:40 +0200
  Processing by HomeController#index as HTML
Rendered home/index.html.erb within layouts/application (50.8ms)
Completed 200 OK in 108ms (Views: 107.7ms | ActiveRecord: 0.0ms)


Started GET "/assets/application.css" for 127.0.0.1 at 2011-08-16 11:04:40 +0200
Served asset /application.css - 304 Not Modified (3ms)


Started GET "/assets/application.js" for 127.0.0.1 at 2011-08-16 11:04:40 +0200
Error compiling asset application.js:
Sprockets::FileNotFound: couldn't find file 'jquery'
  (in /home/katharsis/Workspace/Ruby/amberbit-config/spec/dummy/app/assets/javascripts/application.js:7)
Served asset /application.js - 500 Internal Server Error



Started GET "/" for 127.0.0.1 at 2011-08-16 11:08:48 +0200
  Processing by HomeController#index as HTML
Rendered home/index.html.erb within layouts/application (51.7ms)
Completed 200 OK in 110ms (Views: 108.8ms | ActiveRecord: 0.0ms)


Started GET "/assets/application.css" for 127.0.0.1 at 2011-08-16 11:08:48 +0200
Served asset /application.css - 200 OK (5ms)


Started GET "/assets/application.js" for 127.0.0.1 at 2011-08-16 11:08:48 +0200
Error compiling asset application.js:
Sprockets::FileNotFound: couldn't find file 'jquery'
  (in /home/katharsis/Workspace/Ruby/amberbit-config/spec/dummy/app/assets/javascripts/application.js:7)
Served asset /application.js - 500 Internal Server Error



Started GET "/" for 127.0.0.1 at 2011-08-16 11:09:56 +0200
  Processing by HomeController#index as HTML
Rendered home/index.html.erb within layouts/application (51.1ms)
Completed 200 OK in 109ms (Views: 107.9ms | ActiveRecord: 0.0ms)


Started GET "/assets/application.js" for 127.0.0.1 at 2011-08-16 11:09:56 +0200
Error compiling asset application.js:
Sprockets::FileNotFound: couldn't find file 'jquery'
  (in /home/katharsis/Workspace/Ruby/amberbit-config/spec/dummy/app/assets/javascripts/application.js:7)
Served asset /application.js - 500 Internal Server Error



Started GET "/assets/application.css" for 127.0.0.1 at 2011-08-16 11:09:56 +0200
Served asset /application.css - 304 Not Modified (4ms)


Started GET "/" for 127.0.0.1 at 2011-08-16 11:25:17 +0200
  Processing by HomeController#index as */*
Rendered home/index.html.erb within layouts/application (0.7ms)
Completed 200 OK in 15ms (Views: 14.4ms | ActiveRecord: 0.0ms)


Started GET "/" for 127.0.0.1 at 2011-08-16 11:25:27 +0200
  Processing by HomeController#index as */*
Rendered home/index.html.erb within layouts/application (0.1ms)
Completed 200 OK in 16ms (Views: 15.4ms | ActiveRecord: 0.0ms)


Started GET "/" for 127.0.0.1 at 2011-08-16 11:25:35 +0200
  Processing by HomeController#index as */*
Rendered home/index.html.erb within layouts/application (0.1ms)
Completed 200 OK in 15ms (Views: 14.1ms | ActiveRecord: 0.0ms)


Started GET "/" for 127.0.0.1 at 2011-08-16 11:29:30 +0200
  Processing by HomeController#index as HTML
Rendered home/index.html.erb within layouts/application (1.0ms)
Completed 200 OK in 11ms (Views: 10.2ms | ActiveRecord: 0.0ms)


Started GET "/assets/application.js" for 127.0.0.1 at 2011-08-16 11:29:30 +0200
Error compiling asset application.js:
Sprockets::FileNotFound: couldn't find file 'jquery'
  (in /home/katharsis/Workspace/Ruby/amberbit-config/spec/dummy/app/assets/javascripts/application.js:7)
Served asset /application.js - 500 Internal Server Error



Started GET "/assets/application.css" for 127.0.0.1 at 2011-08-16 11:29:30 +0200
Served asset /application.css - 304 Not Modified (0ms)


Started GET "/" for 127.0.0.1 at 2011-08-16 11:29:41 +0200
  Processing by HomeController#index as HTML
Rendered home/index.html.erb within layouts/application (0.1ms)
Completed 200 OK in 10ms (Views: 9.0ms | ActiveRecord: 0.0ms)


Started GET "/" for 127.0.0.1 at 2011-08-16 11:29:49 +0200
  Processing by HomeController#index as */*
Rendered home/index.html.erb within layouts/application (0.6ms)
Completed 200 OK in 14ms (Views: 13.3ms | ActiveRecord: 0.0ms)


Started GET "/" for 127.0.0.1 at 2011-08-16 11:30:01 +0200
  Processing by HomeController#index as */*
Rendered home/index.html.erb within layouts/application (0.1ms)
Completed 200 OK in 14ms (Views: 12.9ms | ActiveRecord: 0.0ms)


Started GET "/" for 127.0.0.1 at 2011-08-16 11:30:05 +0200
  Processing by HomeController#index as */*
Rendered home/index.html.erb within layouts/application (0.1ms)
Completed 200 OK in 13ms (Views: 12.8ms | ActiveRecord: 0.0ms)


Started GET "/" for 127.0.0.1 at 2011-08-16 11:30:08 +0200
  Processing by HomeController#index as */*
Rendered home/index.html.erb within layouts/application (0.1ms)
Completed 200 OK in 14ms (Views: 12.8ms | ActiveRecord: 0.0ms)


Started GET "/" for 127.0.0.1 at 2011-08-16 11:33:13 +0200
  Processing by HomeController#index as HTML
Rendered home/index.html.erb within layouts/application (0.8ms)
Completed 200 OK in 14ms (Views: 13.0ms | ActiveRecord: 0.0ms)


Started GET "/" for 127.0.0.1 at 2011-08-16 11:33:20 +0200
  Processing by HomeController#index as HTML
Rendered home/index.html.erb within layouts/application (0.7ms)
Completed 200 OK in 10ms (Views: 9.2ms | ActiveRecord: 0.0ms)


Started GET "/" for 127.0.0.1 at 2011-08-16 11:50:21 +0200
  Processing by HomeController#index as HTML
Rendered home/index.html.erb within layouts/application (0.6ms)
Completed 200 OK in 9ms (Views: 8.7ms | ActiveRecord: 0.0ms)


Started GET "/" for 127.0.0.1 at 2011-08-16 11:50:23 +0200
  Processing by HomeController#index as HTML
Rendered home/index.html.erb within layouts/application (0.1ms)
Completed 200 OK in 9ms (Views: 8.1ms | ActiveRecord: 0.0ms)


Started GET "/" for 127.0.0.1 at 2011-08-16 12:08:18 +0200
  Processing by HomeController#index as HTML
Rendered home/index.html.erb within layouts/application (0.1ms)
Completed 200 OK in 9ms (Views: 8.0ms | ActiveRecord: 0.0ms)


Started GET "/" for 127.0.0.1 at 2011-08-16 12:16:19 +0200
  Processing by HomeController#index as HTML
Rendered home/index.html.erb within layouts/application (17.2ms)
Completed 200 OK in 71ms (Views: 70.2ms | ActiveRecord: 0.0ms)


Started GET "/" for 127.0.0.1 at 2011-08-16 13:04:03 +0200
  Processing by HomeController#index as HTML
Rendered home/index.html.erb within layouts/application (17.1ms)
Completed 200 OK in 117ms (Views: 116.0ms | ActiveRecord: 0.0ms)


Started GET "/" for 127.0.0.1 at 2011-08-16 13:05:32 +0200
  Processing by HomeController#index as HTML
Rendered home/index.html.erb within layouts/application (49.5ms)
Completed 200 OK in 104ms (Views: 103.8ms | ActiveRecord: 0.0ms)


Started GET "/" for 127.0.0.1 at 2011-08-16 13:05:33 +0200
  Processing by HomeController#index as HTML
Rendered home/index.html.erb within layouts/application (0.1ms)
Completed 200 OK in 10ms (Views: 9.0ms | ActiveRecord: 0.0ms)


Started GET "/" for 127.0.0.1 at 2011-08-16 13:05:34 +0200
  Processing by HomeController#index as HTML
Rendered home/index.html.erb within layouts/application (0.1ms)
Completed 200 OK in 9ms (Views: 8.2ms | ActiveRecord: 0.0ms)


Started GET "/" for 127.0.0.1 at 2011-08-16 13:37:58 +0200
  Processing by HomeController#index as HTML
Rendered home/index.html.erb within layouts/application (16.7ms)
Completed 200 OK in 71ms (Views: 69.9ms | ActiveRecord: 0.0ms)


Started GET "/" for 127.0.0.1 at 2011-08-16 13:45:23 +0200
  Processing by HomeController#index as */*
Rendered home/index.html.erb within layouts/application (48.1ms)
Completed 200 OK in 106ms (Views: 104.8ms | ActiveRecord: 0.0ms)


Started GET "/" for 127.0.0.1 at 2011-08-16 13:53:40 +0200
  Processing by HomeController#index as */*
Rendered home/index.html.erb within layouts/application (48.0ms)
Completed 200 OK in 106ms (Views: 104.9ms | ActiveRecord: 0.0ms)


Started GET "/" for 127.0.0.1 at 2011-08-16 14:09:25 +0200
  Processing by HomeController#index as HTML
Rendered home/index.html.erb within layouts/application (15.0ms)
Completed 200 OK in 103ms (Views: 101.8ms | ActiveRecord: 0.0ms)


Started GET "/" for 127.0.0.1 at 2011-08-16 14:11:56 +0200
  Processing by HomeController#index as HTML
Rendered home/index.html.erb within layouts/application (48.0ms)
Completed 200 OK in 105ms (Views: 104.3ms | ActiveRecord: 0.0ms)


Started GET "/" for 127.0.0.1 at 2011-08-16 14:23:52 +0200
  Processing by HomeController#index as HTML
Rendered home/index.html.erb within layouts/application (15.0ms)
Completed 200 OK in 106ms (Views: 105.8ms | ActiveRecord: 0.0ms)


Started GET "/" for 127.0.0.1 at 2011-08-16 14:23:54 +0200
  Processing by HomeController#index as HTML
Rendered home/index.html.erb within layouts/application (0.1ms)
Completed 200 OK in 9ms (Views: 8.3ms | ActiveRecord: 0.0ms)


Started GET "/" for 127.0.0.1 at 2011-08-16 14:25:00 +0200
  Processing by HomeController#index as */*
Rendered home/index.html.erb within layouts/application (0.6ms)
Completed 200 OK in 14ms (Views: 12.8ms | ActiveRecord: 0.0ms)


Started GET "/" for 127.0.0.1 at 2011-08-16 14:42:45 +0200
  Processing by HomeController#index as HTML
Rendered home/index.html.erb within layouts/application (17.6ms)
Completed 200 OK in 120ms (Views: 119.2ms | ActiveRecord: 0.0ms)


Started GET "/" for 127.0.0.1 at 2011-08-16 14:42:46 +0200
  Processing by HomeController#index as HTML
Rendered home/index.html.erb within layouts/application (0.1ms)
Completed 200 OK in 9ms (Views: 8.1ms | ActiveRecord: 0.0ms)


Started GET "/" for 127.0.0.1 at 2011-08-16 14:43:16 +0200
  Processing by HomeController#index as HTML
Rendered home/index.html.erb within layouts/application (0.1ms)
Completed 200 OK in 8ms (Views: 7.6ms | ActiveRecord: 0.0ms)


Started GET "/" for 127.0.0.1 at 2011-08-16 14:43:17 +0200
  Processing by HomeController#index as HTML
Rendered home/index.html.erb within layouts/application (0.1ms)
Completed 200 OK in 9ms (Views: 7.8ms | ActiveRecord: 0.0ms)


Started GET "/" for 127.0.0.1 at 2011-08-16 14:43:17 +0200
  Processing by HomeController#index as HTML
Rendered home/index.html.erb within layouts/application (0.1ms)
Completed 200 OK in 11ms (Views: 9.8ms | ActiveRecord: 0.0ms)


Started GET "/" for 127.0.0.1 at 2011-08-16 14:43:17 +0200
  Processing by HomeController#index as HTML
Rendered home/index.html.erb within layouts/application (0.1ms)
Completed 200 OK in 10ms (Views: 8.8ms | ActiveRecord: 0.0ms)


Started GET "/" for 127.0.0.1 at 2011-08-16 14:46:33 +0200
  Processing by HomeController#index as HTML
Rendered home/index.html.erb within layouts/application (48.3ms)
Completed 200 OK in 104ms (Views: 103.7ms | ActiveRecord: 0.0ms)


Started GET "/" for 127.0.0.1 at 2011-08-16 14:46:34 +0200
  Processing by HomeController#index as HTML
Rendered home/index.html.erb within layouts/application (0.2ms)
Completed 200 OK in 13ms (Views: 12.4ms | ActiveRecord: 0.0ms)


Started GET "/" for 127.0.0.1 at 2011-08-16 14:53:27 +0200
  Processing by HomeController#index as HTML
Rendered home/index.html.erb within layouts/application (16.9ms)
Completed 200 OK in 71ms (Views: 70.4ms | ActiveRecord: 0.0ms)


Started GET "/" for 127.0.0.1 at 2011-08-16 16:45:52 +0200
  Processing by HomeController#index as HTML
Rendered home/index.html.erb within layouts/application (19.4ms)
Completed 200 OK in 125ms (Views: 124.6ms | ActiveRecord: 0.0ms)


Started GET "/" for 127.0.0.1 at 2011-08-16 16:45:53 +0200
  Processing by HomeController#index as HTML
Rendered home/index.html.erb within layouts/application (0.1ms)
Completed 200 OK in 10ms (Views: 9.1ms | ActiveRecord: 0.0ms)
  [1m[36m (0.4ms)[0m  [1mselect sqlite_version(*)[0m
  [1m[35m (0.2ms)[0m  SELECT "schema_migrations"."version" FROM "schema_migrations" 


Started GET "/" for 127.0.0.1 at 2011-08-16 16:55:58 +0200
  Processing by HomeController#index as HTML
Rendered home/index.html.erb within layouts/application (23.1ms)
Completed 200 OK in 147ms (Views: 146.3ms | ActiveRecord: 0.0ms)


Started GET "/" for 127.0.0.1 at 2011-08-16 17:04:51 +0200
  Processing by HomeController#index as HTML
Rendered home/index.html.erb within layouts/application (22.3ms)
Completed 200 OK in 144ms (Views: 143.5ms | ActiveRecord: 0.0ms)


Started GET "/" for 127.0.0.1 at 2011-08-17 08:25:00 +0200
  Processing by HomeController#index as HTML
Rendered home/index.html.erb within layouts/application (24.7ms)
Completed 200 OK in 198ms (Views: 197.1ms | ActiveRecord: 0.0ms)


Started GET "/" for 127.0.0.1 at 2011-08-17 08:27:57 +0200
  Processing by HomeController#index as HTML
Rendered home/index.html.erb within layouts/application (24.7ms)
Completed 200 OK in 150ms (Views: 149.5ms | ActiveRecord: 0.0ms)


Started GET "/" for 127.0.0.1 at 2011-08-17 08:28:07 +0200
  Processing by HomeController#index as HTML
Rendered home/index.html.erb within layouts/application (0.2ms)
Completed 200 OK in 10ms (Views: 9.5ms | ActiveRecord: 0.0ms)


Started GET "/" for 127.0.0.1 at 2011-08-17 08:28:17 +0200
  Processing by HomeController#index as HTML
Rendered home/index.html.erb within layouts/application (0.2ms)
Completed 200 OK in 11ms (Views: 10.0ms | ActiveRecord: 0.0ms)


Started GET "/" for 127.0.0.1 at 2011-08-17 08:31:05 +0200
  Processing by HomeController#index as HTML
Rendered home/index.html.erb within layouts/application (25.5ms)
Completed 200 OK in 155ms (Views: 154.3ms | ActiveRecord: 0.0ms)


Started GET "/" for 127.0.0.1 at 2011-08-17 08:31:15 +0200
  Processing by HomeController#index as HTML
Rendered home/index.html.erb within layouts/application (0.2ms)
Completed 200 OK in 12ms (Views: 10.5ms | ActiveRecord: 0.0ms)


Started GET "/" for 127.0.0.1 at 2011-08-17 08:31:25 +0200
  Processing by HomeController#index as HTML
Rendered home/index.html.erb within layouts/application (0.2ms)
Completed 200 OK in 11ms (Views: 9.8ms | ActiveRecord: 0.0ms)


Started GET "/" for 127.0.0.1 at 2011-08-17 08:46:37 +0200
  Processing by HomeController#index as HTML
Rendered home/index.html.erb within layouts/application (24.5ms)
Completed 200 OK in 151ms (Views: 150.5ms | ActiveRecord: 0.0ms)


Started GET "/" for 127.0.0.1 at 2011-08-17 08:47:29 +0200
  Processing by HomeController#index as HTML
Rendered home/index.html.erb within layouts/application (25.2ms)
Completed 200 OK in 152ms (Views: 151.3ms | ActiveRecord: 0.0ms)


Started GET "/" for 127.0.0.1 at 2011-08-17 08:47:39 +0200
  Processing by HomeController#index as HTML
Rendered home/index.html.erb within layouts/application (0.2ms)
Completed 200 OK in 12ms (Views: 11.0ms | ActiveRecord: 0.0ms)


Started GET "/" for 127.0.0.1 at 2011-08-17 08:54:45 +0200
  Processing by HomeController#index as HTML
Rendered home/index.html.erb within layouts/application (24.8ms)
Completed 200 OK in 151ms (Views: 150.0ms | ActiveRecord: 0.0ms)


Started GET "/" for 127.0.0.1 at 2011-08-17 08:54:56 +0200
  Processing by HomeController#index as HTML
Rendered home/index.html.erb within layouts/application (0.2ms)
Completed 200 OK in 10ms (Views: 9.5ms | ActiveRecord: 0.0ms)


Started GET "/" for 127.0.0.1 at 2011-08-17 08:54:56 +0200
  Processing by HomeController#index as */*
Rendered home/index.html.erb within layouts/application (19.0ms)
Completed 200 OK in 126ms (Views: 124.8ms | ActiveRecord: 0.0ms)


Started GET "/" for 127.0.0.1 at 2011-08-17 08:55:06 +0200
  Processing by HomeController#index as HTML
Rendered home/index.html.erb within layouts/application (0.2ms)
Completed 200 OK in 11ms (Views: 9.8ms | ActiveRecord: 0.0ms)


Started GET "/" for 127.0.0.1 at 2011-08-17 08:55:42 +0200
  Processing by HomeController#index as HTML
Rendered home/index.html.erb within layouts/application (24.4ms)
Completed 200 OK in 150ms (Views: 149.1ms | ActiveRecord: 0.0ms)


Started GET "/" for 127.0.0.1 at 2011-08-17 08:55:52 +0200
  Processing by HomeController#index as HTML
Rendered home/index.html.erb within layouts/application (0.2ms)
Completed 200 OK in 11ms (Views: 9.6ms | ActiveRecord: 0.0ms)


Started GET "/" for 127.0.0.1 at 2011-08-17 08:56:22 +0200
  Processing by HomeController#index as HTML
Rendered home/index.html.erb within layouts/application (24.5ms)
Completed 200 OK in 150ms (Views: 149.4ms | ActiveRecord: 0.0ms)


Started GET "/" for 127.0.0.1 at 2011-08-17 08:56:32 +0200
  Processing by HomeController#index as HTML
Rendered home/index.html.erb within layouts/application (0.2ms)
Completed 200 OK in 11ms (Views: 9.7ms | ActiveRecord: 0.0ms)


Started GET "/" for 127.0.0.1 at 2011-08-17 08:56:32 +0200
  Processing by HomeController#index as */*
Rendered home/index.html.erb within layouts/application (18.9ms)
Completed 200 OK in 125ms (Views: 124.6ms | ActiveRecord: 0.0ms)


Started GET "/" for 127.0.0.1 at 2011-08-17 08:56:42 +0200
  Processing by HomeController#index as HTML
Rendered home/index.html.erb within layouts/application (0.2ms)
Completed 200 OK in 11ms (Views: 10.0ms | ActiveRecord: 0.0ms)


Started GET "/" for 127.0.0.1 at 2011-08-17 09:02:07 +0200
  Processing by HomeController#index as */*
Rendered home/index.html.erb within layouts/application (19.0ms)
Completed 200 OK in 128ms (Views: 127.0ms | ActiveRecord: 0.0ms)


Started GET "/" for 127.0.0.1 at 2011-08-17 09:04:52 +0200
  Processing by HomeController#index as */*
Rendered home/index.html.erb within layouts/application (18.9ms)
Completed 200 OK in 127ms (Views: 125.9ms | ActiveRecord: 0.0ms)


Started GET "/" for 127.0.0.1 at 2011-08-17 09:05:52 +0200
  Processing by HomeController#index as */*
Rendered home/index.html.erb within layouts/application (18.9ms)
Completed 200 OK in 127ms (Views: 126.4ms | ActiveRecord: 0.0ms)


Started GET "/" for 127.0.0.1 at 2011-08-17 09:07:04 +0200
  Processing by HomeController#index as */*
Rendered home/index.html.erb within layouts/application (18.9ms)
Completed 200 OK in 126ms (Views: 124.9ms | ActiveRecord: 0.0ms)


Started GET "/" for 127.0.0.1 at 2011-08-17 09:08:30 +0200
  Processing by HomeController#index as */*
Rendered home/index.html.erb within layouts/application (19.1ms)
Completed 200 OK in 126ms (Views: 125.4ms | ActiveRecord: 0.0ms)


Started GET "/" for 127.0.0.1 at 2011-08-17 09:12:09 +0200
  Processing by HomeController#index as */*
Rendered home/index.html.erb within layouts/application (19.0ms)
Completed 200 OK in 127ms (Views: 126.7ms | ActiveRecord: 0.0ms)


Started GET "/" for 127.0.0.1 at 2011-08-17 09:14:30 +0200
  Processing by HomeController#index as */*
Rendered home/index.html.erb within layouts/application (19.1ms)
Completed 200 OK in 126ms (Views: 125.7ms | ActiveRecord: 0.0ms)


Started GET "/" for 127.0.0.1 at 2011-08-17 09:18:50 +0200
  Processing by HomeController#index as */*
Rendered home/index.html.erb within layouts/application (19.1ms)
Completed 200 OK in 127ms (Views: 126.7ms | ActiveRecord: 0.0ms)


Started GET "/" for 127.0.0.1 at 2011-08-17 09:40:29 +0200
  Processing by HomeController#index as */*
Rendered home/index.html.erb within layouts/application (16.0ms)
Completed 200 OK in 114ms (Views: 112.9ms | ActiveRecord: 0.0ms)


Started GET "/" for 127.0.0.1 at 2011-08-17 10:01:37 +0200
  Processing by HomeController#index as */*
Rendered home/index.html.erb within layouts/application (17.1ms)
Completed 200 OK in 111ms (Views: 109.9ms | ActiveRecord: 0.0ms)


Started GET "/" for 127.0.0.1 at 2011-08-17 10:02:49 +0200
  Processing by HomeController#index as */*
Rendered home/index.html.erb within layouts/application (15.9ms)
Completed 200 OK in 110ms (Views: 109.3ms | ActiveRecord: 0.0ms)


Started GET "/" for 127.0.0.1 at 2011-08-17 10:05:57 +0200
  Processing by HomeController#index as */*
Rendered home/index.html.erb within layouts/application (16.8ms)
Completed 200 OK in 109ms (Views: 108.3ms | ActiveRecord: 0.0ms)
