

Started GET "/" for 127.0.0.1 at 2011-08-16 13:06:07 +0200
  Processing by HomeController#index as HTML
Rendered home/index.html.erb within layouts/application (53.4ms)
Completed 200 OK in 105ms (Views: 104.6ms | ActiveRecord: 0.0ms)


Started GET "/" for 127.0.0.1 at 2011-08-16 14:12:25 +0200
  Processing by HomeController#index as HTML
Rendered home/index.html.erb within layouts/application (51.4ms)
Completed 200 OK in 103ms (Views: 102.0ms | ActiveRecord: 0.0ms)


Started GET "/" for 127.0.0.1 at 2011-08-16 14:13:35 +0200
  Processing by HomeController#index as HTML
Rendered home/index.html.erb within layouts/application (0.1ms)
Completed 200 OK in 2ms (Views: 1.5ms | ActiveRecord: 0.0ms)


Started GET "/" for 127.0.0.1 at 2011-08-16 14:13:36 +0200
  Processing by HomeController#index as HTML
Rendered home/index.html.erb within layouts/application (0.1ms)
Completed 200 OK in 1ms (Views: 1.0ms | ActiveRecord: 0.0ms)


Started GET "/" for 127.0.0.1 at 2011-08-17 08:55:06 +0200
  Processing by HomeController#index as */*
Rendered home/index.html.erb within layouts/application (18.2ms)
Completed 200 OK in 124ms (Views: 122.5ms | ActiveRecord: 0.0ms)


Started GET "/" for 127.0.0.1 at 2011-08-17 08:56:42 +0200
  Processing by HomeController#index as */*
Rendered home/index.html.erb within layouts/application (18.1ms)
Completed 200 OK in 123ms (Views: 121.9ms | ActiveRecord: 0.0ms)


Started GET "/" for 127.0.0.1 at 2011-08-17 09:02:23 +0200
  Processing by HomeController#index as */*
Rendered home/index.html.erb within layouts/application (19.1ms)
Completed 200 OK in 136ms (Views: 134.9ms | ActiveRecord: 0.0ms)


Started GET "/" for 127.0.0.1 at 2011-08-17 09:05:05 +0200
  Processing by HomeController#index as */*
Rendered home/index.html.erb within layouts/application (18.2ms)
Completed 200 OK in 123ms (Views: 122.0ms | ActiveRecord: 0.0ms)


Started GET "/" for 127.0.0.1 at 2011-08-17 09:06:04 +0200
  Processing by HomeController#index as */*
Rendered home/index.html.erb within layouts/application (18.2ms)
Completed 200 OK in 126ms (Views: 125.1ms | ActiveRecord: 0.0ms)


Started GET "/" for 127.0.0.1 at 2011-08-17 09:07:15 +0200
  Processing by HomeController#index as */*
Rendered home/index.html.erb within layouts/application (18.1ms)
Completed 200 OK in 122ms (Views: 121.4ms | ActiveRecord: 0.0ms)


Started GET "/" for 127.0.0.1 at 2011-08-17 09:08:41 +0200
  Processing by HomeController#index as */*
Rendered home/index.html.erb within layouts/application (18.2ms)
Completed 200 OK in 123ms (Views: 121.8ms | ActiveRecord: 0.0ms)


Started GET "/" for 127.0.0.1 at 2011-08-17 09:12:20 +0200
  Processing by HomeController#index as */*
Rendered home/index.html.erb within layouts/application (18.2ms)
Completed 200 OK in 123ms (Views: 122.0ms | ActiveRecord: 0.0ms)


Started GET "/" for 127.0.0.1 at 2011-08-17 09:14:41 +0200
  Processing by HomeController#index as */*
Rendered home/index.html.erb within layouts/application (18.4ms)
Completed 200 OK in 123ms (Views: 122.4ms | ActiveRecord: 0.0ms)


Started GET "/" for 127.0.0.1 at 2011-08-17 09:19:01 +0200
  Processing by HomeController#index as */*
Rendered home/index.html.erb within layouts/application (18.2ms)
Completed 200 OK in 123ms (Views: 121.8ms | ActiveRecord: 0.0ms)


Started GET "/" for 127.0.0.1 at 2011-08-17 09:40:38 +0200
  Processing by HomeController#index as */*
Rendered home/index.html.erb within layouts/application (15.3ms)
Completed 200 OK in 110ms (Views: 108.8ms | ActiveRecord: 0.0ms)


Started GET "/" for 127.0.0.1 at 2011-08-17 10:01:45 +0200
  Processing by HomeController#index as */*
Rendered home/index.html.erb within layouts/application (14.6ms)
Completed 200 OK in 106ms (Views: 105.3ms | ActiveRecord: 0.0ms)


Started GET "/" for 127.0.0.1 at 2011-08-17 10:02:57 +0200
  Processing by HomeController#index as */*
Rendered home/index.html.erb within layouts/application (15.2ms)
Completed 200 OK in 105ms (Views: 104.4ms | ActiveRecord: 0.0ms)


Started GET "/" for 127.0.0.1 at 2011-08-17 10:06:06 +0200
  Processing by HomeController#index as */*
Rendered home/index.html.erb within layouts/application (18.8ms)
Completed 200 OK in 110ms (Views: 109.5ms | ActiveRecord: 0.0ms)
